<?xml version="1.0" encoding="UTF-8"?>
<!-- Generated by org.testng.reporters.JUnitXMLReporter -->
<testsuite hostname="DESKTOP-E3OQ3FB" ignored="0" name="Default test" tests="6" failures="0" timestamp="2024-01-28T03:29:04 PST" time="0.231" errors="0">
  <testcase name="@BeforeSuite openbrowser" time="1.978" classname="com.cjc.dws.webapp.test.DemoWebShopDDFwtest">
    <failure type="java.lang.NoClassDefFoundError" message="org/apache/logging/log4j/util/Lazy">
      <![CDATA[java.lang.NoClassDefFoundError: org/apache/logging/log4j/util/Lazy
at org.apache.logging.log4j.core.selector.ClassLoaderContextSelector.<init>(ClassLoaderContextSelector.java:55)
at org.apache.logging.log4j.core.impl.Log4jContextFactory.createContextSelector(Log4jContextFactory.java:108)
at org.apache.logging.log4j.core.impl.Log4jContextFactory.<init>(Log4jContextFactory.java:60)
at sun.reflect.NativeConstructorAccessorImpl.newInstance0(Native Method)
at sun.reflect.NativeConstructorAccessorImpl.newInstance(NativeConstructorAccessorImpl.java:62)
at sun.reflect.DelegatingConstructorAccessorImpl.newInstance(DelegatingConstructorAccessorImpl.java:45)
at java.lang.reflect.Constructor.newInstance(Constructor.java:423)
at java.lang.Class.newInstance(Class.java:442)
at org.apache.logging.log4j.LogManager.<clinit>(LogManager.java:95)
at org.apache.logging.slf4j.Log4jLoggerFactory.getContext(Log4jLoggerFactory.java:54)
at org.apache.logging.log4j.spi.AbstractLoggerAdapter.getLogger(AbstractLoggerAdapter.java:47)
at org.apache.logging.slf4j.Log4jLoggerFactory.getLogger(Log4jLoggerFactory.java:32)
at org.slf4j.LoggerFactory.getLogger(LoggerFactory.java:363)
at org.slf4j.LoggerFactory.getLogger(LoggerFactory.java:388)
at org.asynchttpclient.DefaultAsyncHttpClient.<clinit>(DefaultAsyncHttpClient.java:49)
at org.asynchttpclient.Dsl.asyncHttpClient(Dsl.java:32)
at org.openqa.selenium.remote.http.netty.NettyClient.createHttpClient(NettyClient.java:91)
at org.openqa.selenium.remote.http.netty.NettyClient.<clinit>(NettyClient.java:43)
at org.openqa.selenium.remote.http.netty.NettyClient$Factory.createClient(NettyClient.java:124)
at org.openqa.selenium.remote.HttpCommandExecutor.<init>(HttpCommandExecutor.java:115)
at org.openqa.selenium.remote.HttpCommandExecutor.<init>(HttpCommandExecutor.java:92)
at org.openqa.selenium.remote.service.DriverCommandExecutor.<init>(DriverCommandExecutor.java:89)
at org.openqa.selenium.chromium.ChromiumDriverCommandExecutor.<init>(ChromiumDriverCommandExecutor.java:43)
at org.openqa.selenium.chrome.ChromeDriver$ChromeDriverCommandExecutor.<init>(ChromeDriver.java:115)
at org.openqa.selenium.chrome.ChromeDriver.generateExecutor(ChromeDriver.java:105)
at org.openqa.selenium.chrome.ChromeDriver.<init>(ChromeDriver.java:88)
at org.openqa.selenium.chrome.ChromeDriver.<init>(ChromeDriver.java:83)
at org.openqa.selenium.chrome.ChromeDriver.<init>(ChromeDriver.java:51)
at com.cjc.dws.webapp.test.DemoWebShopDDFwtest.openbrowser(DemoWebShopDDFwtest.java:28)
at sun.reflect.NativeMethodAccessorImpl.invoke0(Native Method)
at sun.reflect.NativeMethodAccessorImpl.invoke(NativeMethodAccessorImpl.java:62)
at sun.reflect.DelegatingMethodAccessorImpl.invoke(DelegatingMethodAccessorImpl.java:43)
at java.lang.reflect.Method.invoke(Method.java:498)
at org.testng.internal.MethodInvocationHelper.invokeMethod(MethodInvocationHelper.java:133)
at org.testng.internal.MethodInvocationHelper.invokeMethodConsideringTimeout(MethodInvocationHelper.java:62)
at org.testng.internal.ConfigInvoker.invokeConfigurationMethod(ConfigInvoker.java:385)
at org.testng.internal.ConfigInvoker.invokeConfigurations(ConfigInvoker.java:321)
at org.testng.SuiteRunner.privateRun(SuiteRunner.java:317)
at org.testng.SuiteRunner.run(SuiteRunner.java:276)
at org.testng.SuiteRunnerWorker.runSuite(SuiteRunnerWorker.java:53)
at org.testng.SuiteRunnerWorker.run(SuiteRunnerWorker.java:96)
at org.testng.TestNG.runSuitesSequentially(TestNG.java:1212)
at org.testng.TestNG.runSuitesLocally(TestNG.java:1134)
at org.testng.TestNG.runSuites(TestNG.java:1063)
at org.testng.TestNG.run(TestNG.java:1031)
at org.testng.remote.AbstractRemoteTestNG.run(AbstractRemoteTestNG.java:115)
at org.testng.remote.RemoteTestNG.initAndRun(RemoteTestNG.java:251)
at org.testng.remote.RemoteTestNG.main(RemoteTestNG.java:77)
Caused by: java.lang.ClassNotFoundException: org.apache.logging.log4j.util.Lazy
at java.net.URLClassLoader.findClass(URLClassLoader.java:382)
at java.lang.ClassLoader.loadClass(ClassLoader.java:424)
at sun.misc.Launcher$AppClassLoader.loadClass(Launcher.java:349)
at java.lang.ClassLoader.loadClass(ClassLoader.java:357)
... 48 more
]]>
    </failure>
  </testcase> <!-- @BeforeSuite openbrowser -->
  <testcase name="@BeforeTest url" time="-1.70644134443E9" classname="com.cjc.dws.webapp.test.DemoWebShopDDFwtest">
    <skipped/>
  </testcase> <!-- @BeforeTest url -->
  <testcase name="@BeforeClass maximize" time="-1.706441344486E9" classname="com.cjc.dws.webapp.test.DemoWebShopDDFwtest">
    <skipped/>
  </testcase> <!-- @BeforeClass maximize -->
  <testcase name="@BeforeMethod cookies" time="-1.706441344519E9" classname="com.cjc.dws.webapp.test.DemoWebShopDDFwtest">
    <skipped/>
  </testcase> <!-- @BeforeMethod cookies -->
  <testcase name="@BeforeMethod cookies" time="-1.706441344562E9" classname="com.cjc.dws.webapp.test.DemoWebShopDDFwtest">
    <skipped/>
  </testcase> <!-- @BeforeMethod cookies -->
  <testcase name="@BeforeMethod cookies" time="-1.706441344583E9" classname="com.cjc.dws.webapp.test.DemoWebShopDDFwtest">
    <skipped/>
  </testcase> <!-- @BeforeMethod cookies -->
  <testcase name="@BeforeMethod cookies" time="-1.706441344595E9" classname="com.cjc.dws.webapp.test.DemoWebShopDDFwtest">
    <skipped/>
  </testcase> <!-- @BeforeMethod cookies -->
  <testcase name="@BeforeMethod cookies" time="-1.706441344607E9" classname="com.cjc.dws.webapp.test.DemoWebShopDDFwtest">
    <skipped/>
  </testcase> <!-- @BeforeMethod cookies -->
  <testcase name="@BeforeMethod cookies" time="-1.706441344626E9" classname="com.cjc.dws.webapp.test.DemoWebShopDDFwtest">
    <skipped/>
  </testcase> <!-- @BeforeMethod cookies -->
  <testcase name="register" time="0.0" classname="com.cjc.dws.webapp.test.DemoWebShopDDFwtest">
    <skipped/>
  </testcase> <!-- register -->
  <testcase name="login" time="0.0" classname="com.cjc.dws.webapp.test.DemoWebShopDDFwtest">
    <skipped/>
  </testcase> <!-- login -->
  <testcase name="Addtocart" time="0.0" classname="com.cjc.dws.webapp.test.DemoWebShopDDFwtest">
    <skipped/>
  </testcase> <!-- Addtocart -->
  <testcase name="Adress" time="0.0" classname="com.cjc.dws.webapp.test.DemoWebShopDDFwtest">
    <skipped/>
  </testcase> <!-- Adress -->
  <testcase name="payment" time="0.0" classname="com.cjc.dws.webapp.test.DemoWebShopDDFwtest">
    <skipped/>
  </testcase> <!-- payment -->
  <testcase name="conformOrder" time="0.0" classname="com.cjc.dws.webapp.test.DemoWebShopDDFwtest">
    <skipped/>
  </testcase> <!-- conformOrder -->
</testsuite> <!-- Default test -->
